[2m2022-12-29T07:36:18.975811Z[0m [31mERROR[0m [2mfig_cli::daemon[0m[2m:[0m [2m160:[0m Error while connecting to websocket: No token
[2m2022-12-29T07:36:19.211290Z[0m [31mERROR[0m [2mfig_cli::daemon[0m[2m:[0m [2m160:[0m Error while connecting to websocket: No token
[2m2022-12-29T07:36:19.496553Z[0m [31mERROR[0m [2mfig_cli::daemon[0m[2m:[0m [2m160:[0m Error while connecting to websocket: No token
[2m2022-12-29T07:36:20.107260Z[0m [31mERROR[0m [2mfig_cli::daemon[0m[2m:[0m [2m160:[0m Error while connecting to websocket: No token
[2m2022-12-29T07:36:21.499703Z[0m [31mERROR[0m [2mfig_cli::daemon[0m[2m:[0m [2m160:[0m Error while connecting to websocket: No token
[2m2022-12-29T07:36:24.180075Z[0m [31mERROR[0m [2mfig_cli::daemon[0m[2m:[0m [2m160:[0m Error while connecting to websocket: No token
[2m2022-12-29T07:36:31.735815Z[0m [31mERROR[0m [2mfig_cli::daemon[0m[2m:[0m [2m160:[0m Error while connecting to websocket: No token
[2m2022-12-29T07:36:43.953167Z[0m [31mERROR[0m [2mfig_cli::daemon[0m[2m:[0m [2m160:[0m Error while connecting to websocket: No token
[2m2022-12-29T07:37:02.179892Z[0m [31mERROR[0m [2mfig_cli::daemon[0m[2m:[0m [2m160:[0m Error while connecting to websocket: No token
[2m2022-12-29T07:37:02.916304Z[0m [31mERROR[0m [2mfig_sync::dotfiles[0m[2m:[0m [2m52:[0m Could not sync dotfiles: Request(NoToken)
[2m2022-12-29T07:37:02.916391Z[0m [31mERROR[0m [2mfig_cli::daemon::scheduler[0m[2m:[0m [2m167:[0m Error running task SyncDotfiles: No token
[2m2022-12-29T07:38:05.668300Z[0m [31mERROR[0m [2mfig_cli::daemon[0m[2m:[0m [2m160:[0m Error while connecting to websocket: No token
[2m2022-12-29T08:50:35.404514Z[0m [31mERROR[0m [2mfig_cli::daemon::websocket[0m[2m:[0m [2m343:[0m Websock next error: Io(Os { code: 60, kind: TimedOut, message: "Operation timed out" })
[2m2022-12-29T08:50:35.406459Z[0m [31mERROR[0m [2mfig_cli::daemon[0m[2m:[0m [2m142:[0m Error while processing websocket message: Websock next error: Io(Os { code: 60, kind: TimedOut, message: "Operation timed out" })
[2m2022-12-29T10:27:58.021945Z[0m [31mERROR[0m [2mfig_cli::daemon::websocket[0m[2m:[0m [2m343:[0m Websock next error: Io(Os { code: 60, kind: TimedOut, message: "Operation timed out" })
[2m2022-12-29T10:27:58.022105Z[0m [31mERROR[0m [2mfig_cli::daemon[0m[2m:[0m [2m142:[0m Error while processing websocket message: Websock next error: Io(Os { code: 60, kind: TimedOut, message: "Operation timed out" })
[2m2022-12-29T12:20:56.140395Z[0m [31mERROR[0m [2mfig_cli::daemon::websocket[0m[2m:[0m [2m343:[0m Websock next error: Io(Os { code: 60, kind: TimedOut, message: "Operation timed out" })
[2m2022-12-29T12:20:56.140441Z[0m [31mERROR[0m [2mfig_cli::daemon[0m[2m:[0m [2m142:[0m Error while processing websocket message: Websock next error: Io(Os { code: 60, kind: TimedOut, message: "Operation timed out" })
[2m2022-12-29T12:30:57.927907Z[0m [31mERROR[0m [2mfig_cli::daemon[0m[2m:[0m [2m160:[0m Error while connecting to websocket: Reqwest error: error sending request for url (https://api.fig.io/authenticate/ticket?os=macos&arch=aarch64&cliVersion=2.10.1&manifestVersion=2.10.1&deviceId=519d79223c6d415e990f2e546cd546a275fb7c0c3c1574a734ff0b55d9db32da%3Afts%2Bfig%40lefebvre.co): connection error: Operation timed out (os error 60)
[2m2022-12-29T13:21:16.793488Z[0m [31mERROR[0m [2mfig_cli::daemon::websocket[0m[2m:[0m [2m343:[0m Websock next error: Io(Os { code: 60, kind: TimedOut, message: "Operation timed out" })
[2m2022-12-29T13:21:16.793534Z[0m [31mERROR[0m [2mfig_cli::daemon[0m[2m:[0m [2m142:[0m Error while processing websocket message: Websock next error: Io(Os { code: 60, kind: TimedOut, message: "Operation timed out" })
[2m2022-12-29T15:29:51.783811Z[0m [31mERROR[0m [2mfig_cli::daemon::websocket[0m[2m:[0m [2m343:[0m Websock next error: Io(Os { code: 60, kind: TimedOut, message: "Operation timed out" })
[2m2022-12-29T15:29:51.783860Z[0m [31mERROR[0m [2mfig_cli::daemon[0m[2m:[0m [2m142:[0m Error while processing websocket message: Websock next error: Io(Os { code: 60, kind: TimedOut, message: "Operation timed out" })
[2m2022-12-29T15:46:51.381260Z[0m [31mERROR[0m [2mfig_cli::daemon[0m[2m:[0m [2m160:[0m Error while connecting to websocket: Reqwest error: error sending request for url (https://api.fig.io/authenticate/ticket?os=macos&arch=aarch64&cliVersion=2.10.1&manifestVersion=2.10.1&deviceId=519d79223c6d415e990f2e546cd546a275fb7c0c3c1574a734ff0b55d9db32da%3Afts%2Bfig%40lefebvre.co): connection error: Operation timed out (os error 60)
[2m2022-12-29T17:53:45.671290Z[0m [31mERROR[0m [2mfig_cli::daemon::websocket[0m[2m:[0m [2m343:[0m Websock next error: Io(Os { code: 60, kind: TimedOut, message: "Operation timed out" })
[2m2022-12-29T17:53:45.671342Z[0m [31mERROR[0m [2mfig_cli::daemon[0m[2m:[0m [2m142:[0m Error while processing websocket message: Websock next error: Io(Os { code: 60, kind: TimedOut, message: "Operation timed out" })
[2m2022-12-29T18:11:22.715089Z[0m [31mERROR[0m [2mfig_cli::daemon[0m[2m:[0m [2m160:[0m Error while connecting to websocket: Reqwest error: error sending request for url (https://api.fig.io/authenticate/ticket?os=macos&arch=aarch64&cliVersion=2.10.1&manifestVersion=2.10.1&deviceId=519d79223c6d415e990f2e546cd546a275fb7c0c3c1574a734ff0b55d9db32da%3Afts%2Bfig%40lefebvre.co): connection error: Operation timed out (os error 60)
[2m2022-12-29T18:47:32.386181Z[0m [31mERROR[0m [2mfig_cli::daemon::websocket[0m[2m:[0m [2m343:[0m Websock next error: Io(Os { code: 60, kind: TimedOut, message: "Operation timed out" })
[2m2022-12-29T18:47:32.386232Z[0m [31mERROR[0m [2mfig_cli::daemon[0m[2m:[0m [2m142:[0m Error while processing websocket message: Websock next error: Io(Os { code: 60, kind: TimedOut, message: "Operation timed out" })
[2m2022-12-29T18:47:50.848660Z[0m [31mERROR[0m [2mfig_cli::daemon[0m[2m:[0m [2m160:[0m Error while connecting to websocket: Reqwest error: error sending request for url (https://api.fig.io/authenticate/ticket?os=macos&arch=aarch64&cliVersion=2.10.1&manifestVersion=2.10.1&deviceId=519d79223c6d415e990f2e546cd546a275fb7c0c3c1574a734ff0b55d9db32da%3Afts%2Bfig%40lefebvre.co): connection error: Operation timed out (os error 60)
[2m2022-12-29T19:08:06.969172Z[0m [31mERROR[0m [2mfig_cli::daemon::websocket[0m[2m:[0m [2m343:[0m Websock next error: Protocol(ResetWithoutClosingHandshake)
[2m2022-12-29T19:08:06.969270Z[0m [31mERROR[0m [2mfig_cli::daemon[0m[2m:[0m [2m142:[0m Error while processing websocket message: Websock next error: Protocol(ResetWithoutClosingHandshake)
[2m2022-12-29T19:15:08.924315Z[0m [31mERROR[0m [2mfig_cli::daemon::websocket[0m[2m:[0m [2m343:[0m Websock next error: Protocol(ResetWithoutClosingHandshake)
[2m2022-12-29T19:15:08.924458Z[0m [31mERROR[0m [2mfig_cli::daemon[0m[2m:[0m [2m142:[0m Error while processing websocket message: Websock next error: Protocol(ResetWithoutClosingHandshake)
[2m2022-12-29T19:22:46.919432Z[0m [31mERROR[0m [2mfig_cli::daemon::websocket[0m[2m:[0m [2m343:[0m Websock next error: Io(Os { code: 60, kind: TimedOut, message: "Operation timed out" })
[2m2022-12-29T19:22:46.919507Z[0m [31mERROR[0m [2mfig_cli::daemon[0m[2m:[0m [2m142:[0m Error while processing websocket message: Websock next error: Io(Os { code: 60, kind: TimedOut, message: "Operation timed out" })
[2m2022-12-29T20:27:49.383995Z[0m [31mERROR[0m [2mfig_cli::daemon::websocket[0m[2m:[0m [2m343:[0m Websock next error: Io(Os { code: 60, kind: TimedOut, message: "Operation timed out" })
[2m2022-12-29T20:27:49.384136Z[0m [31mERROR[0m [2mfig_cli::daemon[0m[2m:[0m [2m142:[0m Error while processing websocket message: Websock next error: Io(Os { code: 60, kind: TimedOut, message: "Operation timed out" })
[2m2022-12-29T20:39:41.156862Z[0m [31mERROR[0m [2mfig_cli::daemon::websocket[0m[2m:[0m [2m343:[0m Websock next error: Io(Os { code: 60, kind: TimedOut, message: "Operation timed out" })
[2m2022-12-29T20:39:41.157018Z[0m [31mERROR[0m [2mfig_cli::daemon[0m[2m:[0m [2m142:[0m Error while processing websocket message: Websock next error: Io(Os { code: 60, kind: TimedOut, message: "Operation timed out" })
[2m2022-12-29T20:40:00.242397Z[0m [31mERROR[0m [2mfig_cli::daemon[0m[2m:[0m [2m160:[0m Error while connecting to websocket: Reqwest error: error sending request for url (https://api.fig.io/authenticate/ticket?os=macos&arch=aarch64&cliVersion=2.10.1&manifestVersion=2.10.1&deviceId=519d79223c6d415e990f2e546cd546a275fb7c0c3c1574a734ff0b55d9db32da%3Afts%2Bfig%40lefebvre.co): connection error: Operation timed out (os error 60)
[2m2022-12-29T20:51:47.031213Z[0m [31mERROR[0m [2mfig_cli::daemon::websocket[0m[2m:[0m [2m343:[0m Websock next error: Io(Os { code: 60, kind: TimedOut, message: "Operation timed out" })
[2m2022-12-29T20:51:47.031465Z[0m [31mERROR[0m [2mfig_cli::daemon[0m[2m:[0m [2m142:[0m Error while processing websocket message: Websock next error: Io(Os { code: 60, kind: TimedOut, message: "Operation timed out" })
[2m2022-12-29T21:48:30.535566Z[0m [31mERROR[0m [2mfig_cli::daemon::websocket[0m[2m:[0m [2m343:[0m Websock next error: Io(Os { code: 60, kind: TimedOut, message: "Operation timed out" })
[2m2022-12-29T21:48:30.535619Z[0m [31mERROR[0m [2mfig_cli::daemon[0m[2m:[0m [2m142:[0m Error while processing websocket message: Websock next error: Io(Os { code: 60, kind: TimedOut, message: "Operation timed out" })
[2m2022-12-29T22:01:27.016763Z[0m [31mERROR[0m [2mfig_cli::daemon::websocket[0m[2m:[0m [2m343:[0m Websock next error: Io(Os { code: 60, kind: TimedOut, message: "Operation timed out" })
[2m2022-12-29T22:01:27.016913Z[0m [31mERROR[0m [2mfig_cli::daemon[0m[2m:[0m [2m142:[0m Error while processing websocket message: Websock next error: Io(Os { code: 60, kind: TimedOut, message: "Operation timed out" })
[2m2022-12-29T22:01:45.943905Z[0m [31mERROR[0m [2mfig_cli::daemon[0m[2m:[0m [2m160:[0m Error while connecting to websocket: Reqwest error: error sending request for url (https://api.fig.io/authenticate/ticket?os=macos&arch=aarch64&cliVersion=2.10.1&manifestVersion=2.10.1&deviceId=519d79223c6d415e990f2e546cd546a275fb7c0c3c1574a734ff0b55d9db32da%3Afts%2Bfig%40lefebvre.co): connection error: Operation timed out (os error 60)
[2m2022-12-30T00:25:10.344500Z[0m [31mERROR[0m [2mfig_cli::daemon::websocket[0m[2m:[0m [2m343:[0m Websock next error: Io(Os { code: 60, kind: TimedOut, message: "Operation timed out" })
[2m2022-12-30T00:25:10.346365Z[0m [31mERROR[0m [2mfig_cli::daemon[0m[2m:[0m [2m142:[0m Error while processing websocket message: Websock next error: Io(Os { code: 60, kind: TimedOut, message: "Operation timed out" })
[2m2022-12-30T00:25:11.310495Z[0m [31mERROR[0m [2mfig_cli::daemon[0m[2m:[0m [2m160:[0m Error while connecting to websocket: Reqwest error: error sending request for url (https://api.fig.io/authenticate/ticket?os=macos&arch=aarch64&cliVersion=2.10.1&manifestVersion=2.10.1&deviceId=519d79223c6d415e990f2e546cd546a275fb7c0c3c1574a734ff0b55d9db32da%3Afts%2Bfig%40lefebvre.co): error trying to connect: tls handshake eof
[2m2022-12-30T00:25:12.401615Z[0m [31mERROR[0m [2mfig_cli::daemon[0m[2m:[0m [2m160:[0m Error while connecting to websocket: Reqwest error: error sending request for url (https://api.fig.io/authenticate/ticket?os=macos&arch=aarch64&cliVersion=2.10.1&manifestVersion=2.10.1&deviceId=519d79223c6d415e990f2e546cd546a275fb7c0c3c1574a734ff0b55d9db32da%3Afts%2Bfig%40lefebvre.co): error trying to connect: tls handshake eof
[2m2022-12-30T00:25:13.815719Z[0m [31mERROR[0m [2mfig_cli::daemon[0m[2m:[0m [2m160:[0m Error while connecting to websocket: Reqwest error: error sending request for url (https://api.fig.io/authenticate/ticket?os=macos&arch=aarch64&cliVersion=2.10.1&manifestVersion=2.10.1&deviceId=519d79223c6d415e990f2e546cd546a275fb7c0c3c1574a734ff0b55d9db32da%3Afts%2Bfig%40lefebvre.co): error trying to connect: tls handshake eof
[2m2022-12-30T00:40:41.134354Z[0m [31mERROR[0m [2mfig_cli::daemon[0m[2m:[0m [2m160:[0m Error while connecting to websocket: Reqwest error: error sending request for url (https://api.fig.io/authenticate/ticket?os=macos&arch=aarch64&cliVersion=2.10.1&manifestVersion=2.10.1&deviceId=519d79223c6d415e990f2e546cd546a275fb7c0c3c1574a734ff0b55d9db32da%3Afts%2Bfig%40lefebvre.co): error trying to connect: tls handshake eof
[2m2022-12-30T00:40:43.935035Z[0m [31mERROR[0m [2mfig_cli::daemon[0m[2m:[0m [2m160:[0m Error while connecting to websocket: Reqwest error: error sending request for url (https://api.fig.io/authenticate/ticket?os=macos&arch=aarch64&cliVersion=2.10.1&manifestVersion=2.10.1&deviceId=519d79223c6d415e990f2e546cd546a275fb7c0c3c1574a734ff0b55d9db32da%3Afts%2Bfig%40lefebvre.co): error trying to connect: tls handshake eof
[2m2022-12-30T00:56:06.928872Z[0m [31mERROR[0m [2mfig_cli::daemon[0m[2m:[0m [2m160:[0m Error while connecting to websocket: Reqwest error: error sending request for url (https://api.fig.io/authenticate/ticket?os=macos&arch=aarch64&cliVersion=2.10.1&manifestVersion=2.10.1&deviceId=519d79223c6d415e990f2e546cd546a275fb7c0c3c1574a734ff0b55d9db32da%3Afts%2Bfig%40lefebvre.co): error trying to connect: tls handshake eof
[2m2022-12-30T01:30:21.332885Z[0m [31mERROR[0m [2mfig_cli::daemon[0m[2m:[0m [2m160:[0m Error while connecting to websocket: Reqwest error: error sending request for url (https://api.fig.io/authenticate/ticket?os=macos&arch=aarch64&cliVersion=2.10.1&manifestVersion=2.10.1&deviceId=519d79223c6d415e990f2e546cd546a275fb7c0c3c1574a734ff0b55d9db32da%3Afts%2Bfig%40lefebvre.co): error trying to connect: tls handshake eof
[2m2022-12-30T01:59:43.099025Z[0m [31mERROR[0m [2mfig_cli::daemon[0m[2m:[0m [2m160:[0m Error while connecting to websocket: Reqwest error: error sending request for url (https://api.fig.io/authenticate/ticket?os=macos&arch=aarch64&cliVersion=2.10.1&manifestVersion=2.10.1&deviceId=519d79223c6d415e990f2e546cd546a275fb7c0c3c1574a734ff0b55d9db32da%3Afts%2Bfig%40lefebvre.co): error trying to connect: tls handshake eof
[2m2022-12-30T02:50:37.797007Z[0m [31mERROR[0m [2mfig_cli::daemon[0m[2m:[0m [2m160:[0m Error while connecting to websocket: Reqwest error: error sending request for url (https://api.fig.io/authenticate/ticket?os=macos&arch=aarch64&cliVersion=2.10.1&manifestVersion=2.10.1&deviceId=519d79223c6d415e990f2e546cd546a275fb7c0c3c1574a734ff0b55d9db32da%3Afts%2Bfig%40lefebvre.co): error trying to connect: tls handshake eof
[2m2022-12-30T05:02:16.342167Z[0m [31mERROR[0m [2mfig_cli::daemon[0m[2m:[0m [2m160:[0m Error while connecting to websocket: Reqwest error: error sending request for url (https://api.fig.io/authenticate/ticket?os=macos&arch=aarch64&cliVersion=2.10.1&manifestVersion=2.10.1&deviceId=519d79223c6d415e990f2e546cd546a275fb7c0c3c1574a734ff0b55d9db32da%3Afts%2Bfig%40lefebvre.co): error trying to connect: tls handshake eof
[2m2022-12-30T08:42:02.650043Z[0m [31mERROR[0m [2mfig_cli::daemon::websocket[0m[2m:[0m [2m343:[0m Websock next error: Io(Os { code: 60, kind: TimedOut, message: "Operation timed out" })
[2m2022-12-30T08:42:02.650094Z[0m [31mERROR[0m [2mfig_cli::daemon[0m[2m:[0m [2m142:[0m Error while processing websocket message: Websock next error: Io(Os { code: 60, kind: TimedOut, message: "Operation timed out" })
[2m2022-12-30T09:19:02.682493Z[0m [31mERROR[0m [2mfig_cli::daemon::websocket[0m[2m:[0m [2m343:[0m Websock next error: Io(Os { code: 60, kind: TimedOut, message: "Operation timed out" })
[2m2022-12-30T09:19:02.682746Z[0m [31mERROR[0m [2mfig_cli::daemon[0m[2m:[0m [2m142:[0m Error while processing websocket message: Websock next error: Io(Os { code: 60, kind: TimedOut, message: "Operation timed out" })
[2m2022-12-30T09:32:12.439284Z[0m [31mERROR[0m [2mfig_cli::daemon::websocket[0m[2m:[0m [2m343:[0m Websock next error: Io(Os { code: 60, kind: TimedOut, message: "Operation timed out" })
[2m2022-12-30T09:32:12.439445Z[0m [31mERROR[0m [2mfig_cli::daemon[0m[2m:[0m [2m142:[0m Error while processing websocket message: Websock next error: Io(Os { code: 60, kind: TimedOut, message: "Operation timed out" })
[2m2022-12-30T09:45:45.213552Z[0m [31mERROR[0m [2mfig_cli::daemon::websocket[0m[2m:[0m [2m343:[0m Websock next error: Io(Os { code: 60, kind: TimedOut, message: "Operation timed out" })
[2m2022-12-30T09:45:45.213713Z[0m [31mERROR[0m [2mfig_cli::daemon[0m[2m:[0m [2m142:[0m Error while processing websocket message: Websock next error: Io(Os { code: 60, kind: TimedOut, message: "Operation timed out" })
[2m2022-12-30T09:57:07.684047Z[0m [31mERROR[0m [2mfig_cli::daemon::websocket[0m[2m:[0m [2m343:[0m Websock next error: Io(Os { code: 60, kind: TimedOut, message: "Operation timed out" })
[2m2022-12-30T09:57:07.684158Z[0m [31mERROR[0m [2mfig_cli::daemon[0m[2m:[0m [2m142:[0m Error while processing websocket message: Websock next error: Io(Os { code: 60, kind: TimedOut, message: "Operation timed out" })
[2m2022-12-30T10:17:09.853027Z[0m [31mERROR[0m [2mfig_cli::daemon::websocket[0m[2m:[0m [2m343:[0m Websock next error: Protocol(ResetWithoutClosingHandshake)
[2m2022-12-30T10:17:09.853156Z[0m [31mERROR[0m [2mfig_cli::daemon[0m[2m:[0m [2m142:[0m Error while processing websocket message: Websock next error: Protocol(ResetWithoutClosingHandshake)
[2m2022-12-30T10:32:58.779731Z[0m [31mERROR[0m [2mfig_cli::daemon::websocket[0m[2m:[0m [2m343:[0m Websock next error: Io(Os { code: 60, kind: TimedOut, message: "Operation timed out" })
[2m2022-12-30T10:32:58.779788Z[0m [31mERROR[0m [2mfig_cli::daemon[0m[2m:[0m [2m142:[0m Error while processing websocket message: Websock next error: Io(Os { code: 60, kind: TimedOut, message: "Operation timed out" })
[2m2022-12-30T11:06:40.916623Z[0m [31mERROR[0m [2mfig_cli::daemon::websocket[0m[2m:[0m [2m343:[0m Websock next error: Io(Os { code: 60, kind: TimedOut, message: "Operation timed out" })
[2m2022-12-30T11:06:40.916805Z[0m [31mERROR[0m [2mfig_cli::daemon[0m[2m:[0m [2m142:[0m Error while processing websocket message: Websock next error: Io(Os { code: 60, kind: TimedOut, message: "Operation timed out" })
[2m2022-12-30T11:13:05.124008Z[0m [31mERROR[0m [2mfig_cli::daemon::websocket[0m[2m:[0m [2m343:[0m Websock next error: Protocol(ResetWithoutClosingHandshake)
[2m2022-12-30T11:13:05.124163Z[0m [31mERROR[0m [2mfig_cli::daemon[0m[2m:[0m [2m142:[0m Error while processing websocket message: Websock next error: Protocol(ResetWithoutClosingHandshake)
[2m2022-12-30T11:46:22.200836Z[0m [31mERROR[0m [2mfig_cli::daemon::websocket[0m[2m:[0m [2m343:[0m Websock next error: Io(Os { code: 60, kind: TimedOut, message: "Operation timed out" })
[2m2022-12-30T11:46:22.200989Z[0m [31mERROR[0m [2mfig_cli::daemon[0m[2m:[0m [2m142:[0m Error while processing websocket message: Websock next error: Io(Os { code: 60, kind: TimedOut, message: "Operation timed out" })
[2m2022-12-30T12:45:54.516507Z[0m [31mERROR[0m [2mfig_cli::daemon::websocket[0m[2m:[0m [2m343:[0m Websock next error: Io(Os { code: 60, kind: TimedOut, message: "Operation timed out" })
[2m2022-12-30T12:45:54.516609Z[0m [31mERROR[0m [2mfig_cli::daemon[0m[2m:[0m [2m142:[0m Error while processing websocket message: Websock next error: Io(Os { code: 60, kind: TimedOut, message: "Operation timed out" })
[2m2022-12-30T15:17:15.089524Z[0m [31mERROR[0m [2mfig_cli::daemon::websocket[0m[2m:[0m [2m343:[0m Websock next error: Io(Os { code: 60, kind: TimedOut, message: "Operation timed out" })
[2m2022-12-30T15:17:15.089953Z[0m [31mERROR[0m [2mfig_cli::daemon[0m[2m:[0m [2m142:[0m Error while processing websocket message: Websock next error: Io(Os { code: 60, kind: TimedOut, message: "Operation timed out" })
[2m2022-12-30T16:49:30.840875Z[0m [31mERROR[0m [2mfig_cli::daemon::websocket[0m[2m:[0m [2m343:[0m Websock next error: Io(Os { code: 60, kind: TimedOut, message: "Operation timed out" })
[2m2022-12-30T16:49:30.841039Z[0m [31mERROR[0m [2mfig_cli::daemon[0m[2m:[0m [2m142:[0m Error while processing websocket message: Websock next error: Io(Os { code: 60, kind: TimedOut, message: "Operation timed out" })
[2m2022-12-30T17:05:03.145786Z[0m [31mERROR[0m [2mfig_cli::daemon[0m[2m:[0m [2m160:[0m Error while connecting to websocket: Reqwest error: error sending request for url (https://api.fig.io/authenticate/ticket?os=macos&arch=aarch64&cliVersion=2.10.1&manifestVersion=2.10.1&deviceId=519d79223c6d415e990f2e546cd546a275fb7c0c3c1574a734ff0b55d9db32da%3Afts%2Bfig%40lefebvre.co): connection error: Operation timed out (os error 60)
[2m2022-12-30T18:35:19.922372Z[0m [31mERROR[0m [2mfig_cli::daemon::websocket[0m[2m:[0m [2m343:[0m Websock next error: Io(Os { code: 60, kind: TimedOut, message: "Operation timed out" })
[2m2022-12-30T18:35:19.922510Z[0m [31mERROR[0m [2mfig_cli::daemon[0m[2m:[0m [2m142:[0m Error while processing websocket message: Websock next error: Io(Os { code: 60, kind: TimedOut, message: "Operation timed out" })
[2m2022-12-30T18:52:59.979546Z[0m [31mERROR[0m [2mfig_cli::daemon[0m[2m:[0m [2m160:[0m Error while connecting to websocket: Reqwest error: error sending request for url (https://api.fig.io/authenticate/ticket?os=macos&arch=aarch64&cliVersion=2.10.1&manifestVersion=2.10.1&deviceId=519d79223c6d415e990f2e546cd546a275fb7c0c3c1574a734ff0b55d9db32da%3Afts%2Bfig%40lefebvre.co): connection error: Operation timed out (os error 60)
[2m2022-12-30T19:31:20.783104Z[0m [31mERROR[0m [2mfig_cli::daemon::websocket[0m[2m:[0m [2m343:[0m Websock next error: Io(Os { code: 60, kind: TimedOut, message: "Operation timed out" })
[2m2022-12-30T19:31:20.783277Z[0m [31mERROR[0m [2mfig_cli::daemon[0m[2m:[0m [2m142:[0m Error while processing websocket message: Websock next error: Io(Os { code: 60, kind: TimedOut, message: "Operation timed out" })
[2m2022-12-30T19:48:02.799492Z[0m [31mERROR[0m [2mfig_cli::daemon[0m[2m:[0m [2m160:[0m Error while connecting to websocket: Reqwest error: error sending request for url (https://api.fig.io/authenticate/ticket?os=macos&arch=aarch64&cliVersion=2.10.1&manifestVersion=2.10.1&deviceId=519d79223c6d415e990f2e546cd546a275fb7c0c3c1574a734ff0b55d9db32da%3Afts%2Bfig%40lefebvre.co): connection error: Operation timed out (os error 60)
[2m2022-12-30T20:10:48.667102Z[0m [31mERROR[0m [2mfig_cli::daemon::websocket[0m[2m:[0m [2m343:[0m Websock next error: Io(Os { code: 60, kind: TimedOut, message: "Operation timed out" })
[2m2022-12-30T20:10:48.667225Z[0m [31mERROR[0m [2mfig_cli::daemon[0m[2m:[0m [2m142:[0m Error while processing websocket message: Websock next error: Io(Os { code: 60, kind: TimedOut, message: "Operation timed out" })
[2m2022-12-30T20:49:53.136689Z[0m [31mERROR[0m [2mfig_cli::daemon[0m[2m:[0m [2m160:[0m Error while connecting to websocket: Reqwest error: error sending request for url (https://api.fig.io/authenticate/ticket?os=macos&arch=aarch64&cliVersion=2.10.1&manifestVersion=2.10.1&deviceId=519d79223c6d415e990f2e546cd546a275fb7c0c3c1574a734ff0b55d9db32da%3Afts%2Bfig%40lefebvre.co): connection error: Operation timed out (os error 60)
[2m2022-12-30T21:29:51.553385Z[0m [31mERROR[0m [2mfig_cli::daemon::websocket[0m[2m:[0m [2m343:[0m Websock next error: Io(Os { code: 60, kind: TimedOut, message: "Operation timed out" })
[2m2022-12-30T21:29:51.553458Z[0m [31mERROR[0m [2mfig_cli::daemon[0m[2m:[0m [2m142:[0m Error while processing websocket message: Websock next error: Io(Os { code: 60, kind: TimedOut, message: "Operation timed out" })
[2m2022-12-30T21:30:09.893217Z[0m [31mERROR[0m [2mfig_cli::daemon[0m[2m:[0m [2m160:[0m Error while connecting to websocket: Reqwest error: error sending request for url (https://api.fig.io/authenticate/ticket?os=macos&arch=aarch64&cliVersion=2.10.1&manifestVersion=2.10.1&deviceId=519d79223c6d415e990f2e546cd546a275fb7c0c3c1574a734ff0b55d9db32da%3Afts%2Bfig%40lefebvre.co): connection error: Operation timed out (os error 60)
[2m2022-12-30T22:09:02.301699Z[0m [31mERROR[0m [2mfig_cli::daemon::websocket[0m[2m:[0m [2m343:[0m Websock next error: Io(Os { code: 60, kind: TimedOut, message: "Operation timed out" })
[2m2022-12-30T22:09:02.301859Z[0m [31mERROR[0m [2mfig_cli::daemon[0m[2m:[0m [2m142:[0m Error while processing websocket message: Websock next error: Io(Os { code: 60, kind: TimedOut, message: "Operation timed out" })
[2m2022-12-30T23:22:23.408579Z[0m [31mERROR[0m [2mfig_cli::daemon::websocket[0m[2m:[0m [2m343:[0m Websock next error: Io(Os { code: 60, kind: TimedOut, message: "Operation timed out" })
[2m2022-12-30T23:22:23.408893Z[0m [31mERROR[0m [2mfig_cli::daemon[0m[2m:[0m [2m142:[0m Error while processing websocket message: Websock next error: Io(Os { code: 60, kind: TimedOut, message: "Operation timed out" })
[2m2022-12-31T01:23:00.627173Z[0m [31mERROR[0m [2mfig_cli::daemon::websocket[0m[2m:[0m [2m343:[0m Websock next error: Io(Os { code: 60, kind: TimedOut, message: "Operation timed out" })
[2m2022-12-31T01:23:00.627221Z[0m [31mERROR[0m [2mfig_cli::daemon[0m[2m:[0m [2m142:[0m Error while processing websocket message: Websock next error: Io(Os { code: 60, kind: TimedOut, message: "Operation timed out" })
[2m2022-12-31T01:39:10.496744Z[0m [31mERROR[0m [2mfig_cli::daemon[0m[2m:[0m [2m160:[0m Error while connecting to websocket: Reqwest error: error sending request for url (https://api.fig.io/authenticate/ticket?os=macos&arch=aarch64&cliVersion=2.10.1&manifestVersion=2.10.1&deviceId=519d79223c6d415e990f2e546cd546a275fb7c0c3c1574a734ff0b55d9db32da%3Afts%2Bfig%40lefebvre.co): connection error: Operation timed out (os error 60)
[2m2022-12-31T03:17:32.731614Z[0m [31mERROR[0m [2mfig_cli::daemon::websocket[0m[2m:[0m [2m343:[0m Websock next error: Io(Os { code: 60, kind: TimedOut, message: "Operation timed out" })
[2m2022-12-31T03:17:32.731748Z[0m [31mERROR[0m [2mfig_cli::daemon[0m[2m:[0m [2m142:[0m Error while processing websocket message: Websock next error: Io(Os { code: 60, kind: TimedOut, message: "Operation timed out" })
[2m2022-12-31T03:33:28.335969Z[0m [31mERROR[0m [2mfig_cli::daemon[0m[2m:[0m [2m160:[0m Error while connecting to websocket: Reqwest error: error sending request for url (https://api.fig.io/authenticate/ticket?os=macos&arch=aarch64&cliVersion=2.10.1&manifestVersion=2.10.1&deviceId=519d79223c6d415e990f2e546cd546a275fb7c0c3c1574a734ff0b55d9db32da%3Afts%2Bfig%40lefebvre.co): connection error: Operation timed out (os error 60)
[2m2022-12-31T04:54:57.498868Z[0m [31mERROR[0m [2mfig_cli::daemon::websocket[0m[2m:[0m [2m343:[0m Websock next error: Io(Os { code: 60, kind: TimedOut, message: "Operation timed out" })
[2m2022-12-31T04:54:57.498936Z[0m [31mERROR[0m [2mfig_cli::daemon[0m[2m:[0m [2m142:[0m Error while processing websocket message: Websock next error: Io(Os { code: 60, kind: TimedOut, message: "Operation timed out" })
[2m2022-12-31T05:12:07.550193Z[0m [31mERROR[0m [2mfig_cli::daemon[0m[2m:[0m [2m160:[0m Error while connecting to websocket: Reqwest error: error sending request for url (https://api.fig.io/authenticate/ticket?os=macos&arch=aarch64&cliVersion=2.10.1&manifestVersion=2.10.1&deviceId=519d79223c6d415e990f2e546cd546a275fb7c0c3c1574a734ff0b55d9db32da%3Afts%2Bfig%40lefebvre.co): connection error: Operation timed out (os error 60)
[2m2022-12-31T05:38:31.813926Z[0m [31mERROR[0m [2mfig_cli::daemon::websocket[0m[2m:[0m [2m343:[0m Websock next error: Io(Os { code: 60, kind: TimedOut, message: "Operation timed out" })
[2m2022-12-31T05:38:31.814054Z[0m [31mERROR[0m [2mfig_cli::daemon[0m[2m:[0m [2m142:[0m Error while processing websocket message: Websock next error: Io(Os { code: 60, kind: TimedOut, message: "Operation timed out" })
[2m2022-12-31T05:38:52.584102Z[0m [31mERROR[0m [2mfig_cli::daemon[0m[2m:[0m [2m160:[0m Error while connecting to websocket: Reqwest error: error sending request for url (https://api.fig.io/authenticate/ticket?os=macos&arch=aarch64&cliVersion=2.10.1&manifestVersion=2.10.1&deviceId=519d79223c6d415e990f2e546cd546a275fb7c0c3c1574a734ff0b55d9db32da%3Afts%2Bfig%40lefebvre.co): connection error: Operation timed out (os error 60)
[2m2022-12-31T08:41:08.790053Z[0m [31mERROR[0m [2mfig_cli::daemon::websocket[0m[2m:[0m [2m343:[0m Websock next error: Io(Os { code: 60, kind: TimedOut, message: "Operation timed out" })
[2m2022-12-31T08:41:08.790491Z[0m [31mERROR[0m [2mfig_cli::daemon[0m[2m:[0m [2m142:[0m Error while processing websocket message: Websock next error: Io(Os { code: 60, kind: TimedOut, message: "Operation timed out" })
